<?xml version="1.0" encoding="UTF-8" ?>
<testsuite errors="0" failures="1" hostname="NR-LENLAPTOP" name="demo.airticket.tests.AirTicketTestSuite" skipped="0" tests="6" time="0.101" timestamp="2021-07-25T15:31:49">
  <properties>
[...]
</properties>
  <testcase classname="demo.airticket.tests.SeatingPlanTest" name="testSeatingPlan" time="0.005" />
  <testcase classname="demo.airticket.tests.TicketTest" name="testTicketConstructor" time="0.001" />
  <testcase classname="demo.airticket.tests.SellTicketTest" name="sellTicket1" time="0.0" />
  <testcase classname="demo.airticket.tests.SellTicketTest" name="sellTicket2" time="0.006">
    <failure message="expected:&lt;500.0&gt; but was:&lt;250.0&gt;" type="junit.framework.AssertionFailedError">junit.framework.AssertionFailedError: expected:&lt;500.0&gt; but was:&lt;250.0&gt;
	at demo.airticket.tests.SellTicketTest.sellTicket2(SellTicketTest.java:77)
	at java.base/jdk.internal.reflect.NativeMethodAccessorImpl.invoke0(Native Method)
	at java.base/jdk.internal.reflect.NativeMethodAccessorImpl.invoke(NativeMethodAccessorImpl.java:64)
	at java.base/jdk.internal.reflect.DelegatingMethodAccessorImpl.invoke(DelegatingMethodAccessorImpl.java:43)
</failure>
  </testcase>
  <testcase classname="demo.airticket.tests.SellTicketTest" name="sellTicket3" time="0.001" />
  <testcase classname="demo.airticket.tests.SellTicketTest" name="sellTicketSeatReserver" time="0.0" />
  <system-out><![CDATA[Starting test of the SeatingPlan default constructor
Seating plan has 14 seats.
Test of the SeatingPlan default constructor complete
Testing ticket sell - setUpBeforeClass()
Testing ticket sell - setUp()
Ticket issued: 1000002 for seat 3D at $500.0
Testing ticket sell - tearDown()
Testing ticket sell - setUp()
Ticket issued: 1000003 for seat 4C at $500.0
Testing ticket sell - tearDown()
Testing ticket sell - setUp()
Ticket issued: 1000004 for seat 2B at $750.0
Testing ticket sell - tearDown()
Testing ticket sell - setUp()
Testing ticket sell - tearDown()
Testing ticket sell - tearDownAfterClass()
]]></system-out>
  <system-err><![CDATA[]]></system-err>
</testsuite>
